::1 - - [10/Dec/2020:02:35:16 +0000] "GET / HTTP/1.1" 404 139 "-" "Mozilla/5.0 (Windows NT 10.0; Win64; x64) AppleWebKit/537.36 (KHTML, like Gecko) Chrome/87.0.4280.88 Safari/537.36"
::1 - - [10/Dec/2020:02:35:26 +0000] "GET /signup HTTP/1.1" 404 145 "-" "Mozilla/5.0 (Windows NT 10.0; Win64; x64) AppleWebKit/537.36 (KHTML, like Gecko) Chrome/87.0.4280.88 Safari/537.36"
::1 - - [10/Dec/2020:02:38:36 +0000] "PUT /signup?email=gerald@tay.com&name=gerald%20tay&password=123456 HTTP/1.1" 500 50 "-" "PostmanRuntime/7.26.8"
::1 - - [10/Dec/2020:02:39:13 +0000] "PUT /signup?email=gerald@tay.com&name=gerald%20tay&password=f HTTP/1.1" 500 50 "-" "PostmanRuntime/7.26.8"
::1 - - [10/Dec/2020:02:41:00 +0000] "PUT /signup?email=gerald@tay.com&name=gerald%20tay&password=f HTTP/1.1" 500 50 "-" "PostmanRuntime/7.26.8"
::1 - - [10/Dec/2020:02:41:03 +0000] "PUT /signup?email=gerald@tay.com&name=gerald%20tay HTTP/1.1" 500 50 "-" "PostmanRuntime/7.26.8"
::1 - - [10/Dec/2020:02:41:08 +0000] "PUT /signup HTTP/1.1" 500 50 "-" "PostmanRuntime/7.26.8"
::1 - - [10/Dec/2020:02:42:52 +0000] "PUT /signup HTTP/1.1" 500 33 "-" "PostmanRuntime/7.26.8"
::1 - - [10/Dec/2020:02:44:00 +0000] "PUT /signup HTTP/1.1" 500 33 "-" "PostmanRuntime/7.26.8"
::1 - - [10/Dec/2020:02:44:26 +0000] "PUT /signup HTTP/1.1" 201 63 "-" "PostmanRuntime/7.26.8"
::1 - - [10/Dec/2020:02:45:30 +0000] "PUT /signup HTTP/1.1" 201 63 "-" "PostmanRuntime/7.26.8"
::1 - - [10/Dec/2020:02:47:35 +0000] "PUT /signup HTTP/1.1" 201 63 "-" "PostmanRuntime/7.26.8"
::1 - - [10/Dec/2020:02:48:13 +0000] "PUT /signup HTTP/1.1" 422 34 "-" "PostmanRuntime/7.26.8"
::1 - - [10/Dec/2020:02:57:58 +0000] "PUT /signup HTTP/1.1" 422 129 "-" "PostmanRuntime/7.26.8"
::1 - - [10/Dec/2020:02:58:36 +0000] "PUT /signup HTTP/1.1" 422 322 "-" "PostmanRuntime/7.26.8"
::1 - - [10/Dec/2020:02:59:02 +0000] "PUT /signup HTTP/1.1" 422 129 "-" "PostmanRuntime/7.26.8"
::1 - - [10/Dec/2020:02:59:12 +0000] "PUT /signup HTTP/1.1" 422 132 "-" "PostmanRuntime/7.26.8"
::1 - - [10/Dec/2020:03:02:10 +0000] "POST /login HTTP/1.1" 500 38 "-" "PostmanRuntime/7.26.8"
::1 - - [10/Dec/2020:03:02:37 +0000] "POST /login HTTP/1.1" 200 257 "-" "PostmanRuntime/7.26.8"
::1 - - [10/Dec/2020:03:03:59 +0000] "POST /login HTTP/1.1" 401 51 "-" "PostmanRuntime/7.26.8"
::1 - - [10/Dec/2020:03:04:08 +0000] "POST /login HTTP/1.1" 401 28 "-" "PostmanRuntime/7.26.8"
::1 - - [10/Dec/2020:03:04:32 +0000] "POST /login HTTP/1.1" 401 43 "-" "PostmanRuntime/7.26.8"
::1 - - [10/Dec/2020:03:04:38 +0000] "POST /login HTTP/1.1" 401 43 "-" "PostmanRuntime/7.26.8"
